.\debug\quake2.bsc
.\debug\quake2.pdb
C:\Users\sharg_000\gameMod\Quake-2\.\debug\quake2.exe
C:\Users\sharg_000\gameMod\Quake-2\.\debug\quake2.exe.intermediate.manifest
C:\Users\sharg_000\gameMod\Quake-2\debug\BscMake.command.1.tlog
C:\Users\sharg_000\gameMod\Quake-2\debug\bscmake.read.1.tlog
C:\Users\sharg_000\gameMod\Quake-2\debug\bscmake.write.1.tlog
C:\USERS\SHARG_000\GAMEMOD\QUAKE-2\DEBUG\CD_WIN.OBJ
C:\USERS\SHARG_000\GAMEMOD\QUAKE-2\DEBUG\CD_WIN.SBR
C:\Users\sharg_000\gameMod\Quake-2\debug\cl.command.1.tlog
C:\Users\sharg_000\gameMod\Quake-2\debug\CL.read.1.tlog
C:\Users\sharg_000\gameMod\Quake-2\debug\CL.write.1.tlog
C:\USERS\SHARG_000\GAMEMOD\QUAKE-2\DEBUG\CL_CIN.OBJ
C:\USERS\SHARG_000\GAMEMOD\QUAKE-2\DEBUG\CL_CIN.SBR
C:\USERS\SHARG_000\GAMEMOD\QUAKE-2\DEBUG\CL_ENTS.OBJ
C:\USERS\SHARG_000\GAMEMOD\QUAKE-2\DEBUG\CL_ENTS.SBR
C:\USERS\SHARG_000\GAMEMOD\QUAKE-2\DEBUG\CL_FX.OBJ
C:\USERS\SHARG_000\GAMEMOD\QUAKE-2\DEBUG\CL_FX.SBR
C:\USERS\SHARG_000\GAMEMOD\QUAKE-2\DEBUG\CL_INPUT.OBJ
C:\USERS\SHARG_000\GAMEMOD\QUAKE-2\DEBUG\CL_INPUT.SBR
C:\USERS\SHARG_000\GAMEMOD\QUAKE-2\DEBUG\CL_INV.OBJ
C:\USERS\SHARG_000\GAMEMOD\QUAKE-2\DEBUG\CL_INV.SBR
C:\USERS\SHARG_000\GAMEMOD\QUAKE-2\DEBUG\CL_MAIN.OBJ
C:\USERS\SHARG_000\GAMEMOD\QUAKE-2\DEBUG\CL_MAIN.SBR
C:\USERS\SHARG_000\GAMEMOD\QUAKE-2\DEBUG\CL_NEWFX.OBJ
C:\USERS\SHARG_000\GAMEMOD\QUAKE-2\DEBUG\CL_NEWFX.SBR
C:\USERS\SHARG_000\GAMEMOD\QUAKE-2\DEBUG\CL_PARSE.OBJ
C:\USERS\SHARG_000\GAMEMOD\QUAKE-2\DEBUG\CL_PARSE.SBR
C:\USERS\SHARG_000\GAMEMOD\QUAKE-2\DEBUG\CL_PRED.OBJ
C:\USERS\SHARG_000\GAMEMOD\QUAKE-2\DEBUG\CL_PRED.SBR
C:\USERS\SHARG_000\GAMEMOD\QUAKE-2\DEBUG\CL_SCRN.OBJ
C:\USERS\SHARG_000\GAMEMOD\QUAKE-2\DEBUG\CL_SCRN.SBR
C:\USERS\SHARG_000\GAMEMOD\QUAKE-2\DEBUG\CL_TENT.OBJ
C:\USERS\SHARG_000\GAMEMOD\QUAKE-2\DEBUG\CL_TENT.SBR
C:\USERS\SHARG_000\GAMEMOD\QUAKE-2\DEBUG\CL_VIEW.OBJ
C:\USERS\SHARG_000\GAMEMOD\QUAKE-2\DEBUG\CL_VIEW.SBR
C:\USERS\SHARG_000\GAMEMOD\QUAKE-2\DEBUG\CMD.OBJ
C:\USERS\SHARG_000\GAMEMOD\QUAKE-2\DEBUG\CMD.SBR
C:\USERS\SHARG_000\GAMEMOD\QUAKE-2\DEBUG\CMODEL.OBJ
C:\USERS\SHARG_000\GAMEMOD\QUAKE-2\DEBUG\CMODEL.SBR
C:\USERS\SHARG_000\GAMEMOD\QUAKE-2\DEBUG\COMMON.OBJ
C:\USERS\SHARG_000\GAMEMOD\QUAKE-2\DEBUG\COMMON.SBR
C:\USERS\SHARG_000\GAMEMOD\QUAKE-2\DEBUG\CONPROC.OBJ
C:\USERS\SHARG_000\GAMEMOD\QUAKE-2\DEBUG\CONPROC.SBR
C:\USERS\SHARG_000\GAMEMOD\QUAKE-2\DEBUG\CONSOLE.OBJ
C:\USERS\SHARG_000\GAMEMOD\QUAKE-2\DEBUG\CONSOLE.SBR
C:\USERS\SHARG_000\GAMEMOD\QUAKE-2\DEBUG\CRC.OBJ
C:\USERS\SHARG_000\GAMEMOD\QUAKE-2\DEBUG\CRC.SBR
C:\USERS\SHARG_000\GAMEMOD\QUAKE-2\DEBUG\CVAR.OBJ
C:\USERS\SHARG_000\GAMEMOD\QUAKE-2\DEBUG\CVAR.SBR
C:\USERS\SHARG_000\GAMEMOD\QUAKE-2\DEBUG\FILES.OBJ
C:\USERS\SHARG_000\GAMEMOD\QUAKE-2\DEBUG\FILES.SBR
C:\USERS\SHARG_000\GAMEMOD\QUAKE-2\DEBUG\IN_WIN.OBJ
C:\USERS\SHARG_000\GAMEMOD\QUAKE-2\DEBUG\IN_WIN.SBR
C:\USERS\SHARG_000\GAMEMOD\QUAKE-2\DEBUG\KEYS.OBJ
C:\USERS\SHARG_000\GAMEMOD\QUAKE-2\DEBUG\KEYS.SBR
C:\Users\sharg_000\gameMod\Quake-2\debug\link.command.1.tlog
C:\Users\sharg_000\gameMod\Quake-2\debug\link.read.1.tlog
C:\Users\sharg_000\gameMod\Quake-2\debug\link.write.1.tlog
C:\Users\sharg_000\gameMod\Quake-2\debug\link-cvtres.read.1.tlog
C:\Users\sharg_000\gameMod\Quake-2\debug\link-cvtres.write.1.tlog
C:\USERS\SHARG_000\GAMEMOD\QUAKE-2\DEBUG\M_FLASH.OBJ
C:\USERS\SHARG_000\GAMEMOD\QUAKE-2\DEBUG\M_FLASH.SBR
C:\USERS\SHARG_000\GAMEMOD\QUAKE-2\DEBUG\MD4.OBJ
C:\USERS\SHARG_000\GAMEMOD\QUAKE-2\DEBUG\MD4.SBR
C:\USERS\SHARG_000\GAMEMOD\QUAKE-2\DEBUG\MENU.OBJ
C:\USERS\SHARG_000\GAMEMOD\QUAKE-2\DEBUG\MENU.SBR
C:\Users\sharg_000\gameMod\Quake-2\debug\mt.command.1.tlog
C:\Users\sharg_000\gameMod\Quake-2\debug\mt.read.1.tlog
C:\Users\sharg_000\gameMod\Quake-2\debug\mt.write.1.tlog
C:\USERS\SHARG_000\GAMEMOD\QUAKE-2\DEBUG\NET_CHAN.OBJ
C:\USERS\SHARG_000\GAMEMOD\QUAKE-2\DEBUG\NET_CHAN.SBR
C:\USERS\SHARG_000\GAMEMOD\QUAKE-2\DEBUG\NET_WINS.OBJ
C:\USERS\SHARG_000\GAMEMOD\QUAKE-2\DEBUG\NET_WINS.SBR
C:\USERS\SHARG_000\GAMEMOD\QUAKE-2\DEBUG\PMOVE.OBJ
C:\USERS\SHARG_000\GAMEMOD\QUAKE-2\DEBUG\PMOVE.SBR
C:\USERS\SHARG_000\GAMEMOD\QUAKE-2\DEBUG\Q_SHARED.OBJ
C:\USERS\SHARG_000\GAMEMOD\QUAKE-2\DEBUG\Q_SHARED.SBR
C:\USERS\SHARG_000\GAMEMOD\QUAKE-2\DEBUG\Q_SHWIN.OBJ
C:\USERS\SHARG_000\GAMEMOD\QUAKE-2\DEBUG\Q_SHWIN.SBR
C:\USERS\SHARG_000\GAMEMOD\QUAKE-2\DEBUG\Q2.RES
C:\USERS\SHARG_000\GAMEMOD\QUAKE-2\DEBUG\QMENU.OBJ
C:\USERS\SHARG_000\GAMEMOD\QUAKE-2\DEBUG\QMENU.SBR
C:\USERS\SHARG_000\GAMEMOD\QUAKE-2\DEBUG\QUAKE2.BSC
C:\USERS\SHARG_000\GAMEMOD\QUAKE-2\DEBUG\QUAKE2.EXE
C:\USERS\SHARG_000\GAMEMOD\QUAKE-2\DEBUG\QUAKE2.EXE.INTERMEDIATE.MANIFEST
C:\USERS\SHARG_000\GAMEMOD\QUAKE-2\DEBUG\QUAKE2.PDB
C:\Users\sharg_000\gameMod\Quake-2\debug\quake2.vcxprojResolveAssemblyReference.cache
C:\Users\sharg_000\gameMod\Quake-2\debug\quake2.write.1.tlog
C:\Users\sharg_000\gameMod\Quake-2\debug\r_aclipa.obj
C:\Users\sharg_000\gameMod\Quake-2\debug\r_draw16.obj
C:\Users\sharg_000\gameMod\Quake-2\debug\r_drawa.obj
C:\Users\sharg_000\gameMod\Quake-2\debug\r_edgea.obj
C:\Users\sharg_000\gameMod\Quake-2\debug\r_polysa.obj
C:\Users\sharg_000\gameMod\Quake-2\debug\r_scana.obj
C:\Users\sharg_000\gameMod\Quake-2\debug\r_spr8.obj
C:\Users\sharg_000\gameMod\Quake-2\debug\r_surf8.obj
C:\Users\sharg_000\gameMod\Quake-2\debug\r_varsa.obj
C:\Users\sharg_000\gameMod\Quake-2\debug\rc.command.1.tlog
C:\Users\sharg_000\gameMod\Quake-2\debug\rc.read.1.tlog
C:\Users\sharg_000\gameMod\Quake-2\debug\rc.write.1.tlog
C:\Users\sharg_000\gameMod\Quake-2\debug\ref_gl.bsc
C:\Users\sharg_000\gameMod\Quake-2\debug\ref_gl.exp
C:\Users\sharg_000\gameMod\Quake-2\debug\ref_gl.pdb
C:\USERS\SHARG_000\GAMEMOD\QUAKE-2\DEBUG\SND_DMA.OBJ
C:\USERS\SHARG_000\GAMEMOD\QUAKE-2\DEBUG\SND_DMA.SBR
C:\USERS\SHARG_000\GAMEMOD\QUAKE-2\DEBUG\SND_MEM.OBJ
C:\USERS\SHARG_000\GAMEMOD\QUAKE-2\DEBUG\SND_MEM.SBR
C:\USERS\SHARG_000\GAMEMOD\QUAKE-2\DEBUG\SND_MIX.OBJ
C:\USERS\SHARG_000\GAMEMOD\QUAKE-2\DEBUG\SND_MIX.SBR
C:\USERS\SHARG_000\GAMEMOD\QUAKE-2\DEBUG\SND_WIN.OBJ
C:\USERS\SHARG_000\GAMEMOD\QUAKE-2\DEBUG\SND_WIN.SBR
C:\USERS\SHARG_000\GAMEMOD\QUAKE-2\DEBUG\SV_CCMDS.OBJ
C:\USERS\SHARG_000\GAMEMOD\QUAKE-2\DEBUG\SV_CCMDS.SBR
C:\USERS\SHARG_000\GAMEMOD\QUAKE-2\DEBUG\SV_ENTS.OBJ
C:\USERS\SHARG_000\GAMEMOD\QUAKE-2\DEBUG\SV_ENTS.SBR
C:\USERS\SHARG_000\GAMEMOD\QUAKE-2\DEBUG\SV_GAME.OBJ
C:\USERS\SHARG_000\GAMEMOD\QUAKE-2\DEBUG\SV_GAME.SBR
C:\USERS\SHARG_000\GAMEMOD\QUAKE-2\DEBUG\SV_INIT.OBJ
C:\USERS\SHARG_000\GAMEMOD\QUAKE-2\DEBUG\SV_INIT.SBR
C:\USERS\SHARG_000\GAMEMOD\QUAKE-2\DEBUG\SV_MAIN.OBJ
C:\USERS\SHARG_000\GAMEMOD\QUAKE-2\DEBUG\SV_MAIN.SBR
C:\USERS\SHARG_000\GAMEMOD\QUAKE-2\DEBUG\SV_SEND.OBJ
C:\USERS\SHARG_000\GAMEMOD\QUAKE-2\DEBUG\SV_SEND.SBR
C:\USERS\SHARG_000\GAMEMOD\QUAKE-2\DEBUG\SV_USER.OBJ
C:\USERS\SHARG_000\GAMEMOD\QUAKE-2\DEBUG\SV_USER.SBR
C:\USERS\SHARG_000\GAMEMOD\QUAKE-2\DEBUG\SV_WORLD.OBJ
C:\USERS\SHARG_000\GAMEMOD\QUAKE-2\DEBUG\SV_WORLD.SBR
C:\USERS\SHARG_000\GAMEMOD\QUAKE-2\DEBUG\SYS_WIN.OBJ
C:\USERS\SHARG_000\GAMEMOD\QUAKE-2\DEBUG\SYS_WIN.SBR
C:\Users\sharg_000\gameMod\Quake-2\debug\vc100.idb
C:\USERS\SHARG_000\GAMEMOD\QUAKE-2\DEBUG\VC100.PDB
C:\USERS\SHARG_000\GAMEMOD\QUAKE-2\DEBUG\VID_DLL.OBJ
C:\USERS\SHARG_000\GAMEMOD\QUAKE-2\DEBUG\VID_DLL.SBR
C:\USERS\SHARG_000\GAMEMOD\QUAKE-2\DEBUG\VID_MENU.OBJ
C:\USERS\SHARG_000\GAMEMOD\QUAKE-2\DEBUG\VID_MENU.SBR
C:\USERS\SHARG_000\GAMEMOD\QUAKE-2\DEBUG\X86.OBJ
C:\USERS\SHARG_000\GAMEMOD\QUAKE-2\DEBUG\X86.SBR
