C:\Users\sharg_000\gameMod\Quake-2\ref_soft\release\cl.command.1.tlog
C:\Users\sharg_000\gameMod\Quake-2\ref_soft\release\CL.read.1.tlog
C:\Users\sharg_000\gameMod\Quake-2\ref_soft\release\CL.write.1.tlog
C:\Users\sharg_000\gameMod\Quake-2\ref_soft\release\custombuild.command.1.tlog
C:\Users\sharg_000\gameMod\Quake-2\ref_soft\release\custombuild.read.1.tlog
C:\Users\sharg_000\gameMod\Quake-2\ref_soft\release\custombuild.write.1.tlog
C:\Users\sharg_000\gameMod\Quake-2\ref_soft\release\link.command.1.tlog
C:\Users\sharg_000\gameMod\Quake-2\ref_soft\release\link.read.1.tlog
C:\Users\sharg_000\gameMod\Quake-2\ref_soft\release\link.write.1.tlog
C:\USERS\SHARG_000\GAMEMOD\QUAKE-2\REF_SOFT\RELEASE\Q_SHARED.OBJ
C:\USERS\SHARG_000\GAMEMOD\QUAKE-2\REF_SOFT\RELEASE\Q_SHWIN.OBJ
C:\USERS\SHARG_000\GAMEMOD\QUAKE-2\REF_SOFT\RELEASE\R_ACLIP.OBJ
C:\USERS\SHARG_000\GAMEMOD\QUAKE-2\REF_SOFT\RELEASE\R_ALIAS.OBJ
C:\USERS\SHARG_000\GAMEMOD\QUAKE-2\REF_SOFT\RELEASE\R_BSP.OBJ
C:\USERS\SHARG_000\GAMEMOD\QUAKE-2\REF_SOFT\RELEASE\R_DRAW.OBJ
C:\USERS\SHARG_000\GAMEMOD\QUAKE-2\REF_SOFT\RELEASE\R_EDGE.OBJ
C:\USERS\SHARG_000\GAMEMOD\QUAKE-2\REF_SOFT\RELEASE\R_IMAGE.OBJ
C:\USERS\SHARG_000\GAMEMOD\QUAKE-2\REF_SOFT\RELEASE\R_LIGHT.OBJ
C:\USERS\SHARG_000\GAMEMOD\QUAKE-2\REF_SOFT\RELEASE\R_MAIN.OBJ
C:\USERS\SHARG_000\GAMEMOD\QUAKE-2\REF_SOFT\RELEASE\R_MISC.OBJ
C:\USERS\SHARG_000\GAMEMOD\QUAKE-2\REF_SOFT\RELEASE\R_MODEL.OBJ
C:\USERS\SHARG_000\GAMEMOD\QUAKE-2\REF_SOFT\RELEASE\R_PART.OBJ
C:\USERS\SHARG_000\GAMEMOD\QUAKE-2\REF_SOFT\RELEASE\R_POLY.OBJ
C:\USERS\SHARG_000\GAMEMOD\QUAKE-2\REF_SOFT\RELEASE\R_POLYSE.OBJ
C:\USERS\SHARG_000\GAMEMOD\QUAKE-2\REF_SOFT\RELEASE\R_RAST.OBJ
C:\USERS\SHARG_000\GAMEMOD\QUAKE-2\REF_SOFT\RELEASE\R_SCAN.OBJ
C:\USERS\SHARG_000\GAMEMOD\QUAKE-2\REF_SOFT\RELEASE\R_SPRITE.OBJ
C:\USERS\SHARG_000\GAMEMOD\QUAKE-2\REF_SOFT\RELEASE\R_SURF.OBJ
C:\Users\sharg_000\gameMod\Quake-2\ref_soft\release\ref_soft.write.1.tlog
C:\USERS\SHARG_000\GAMEMOD\QUAKE-2\REF_SOFT\RELEASE\RW_DDRAW.OBJ
C:\USERS\SHARG_000\GAMEMOD\QUAKE-2\REF_SOFT\RELEASE\RW_DIB.OBJ
C:\USERS\SHARG_000\GAMEMOD\QUAKE-2\REF_SOFT\RELEASE\RW_IMP.OBJ
C:\USERS\SHARG_000\GAMEMOD\QUAKE-2\REF_SOFT\RELEASE\VC100.PDB
C:\USERS\SHARG_000\GAMEMOD\QUAKE-2\RELEASE\.OBJ
