C:\Users\sharg_000\gameMod\Quake-2\ref_gl\.\..\release\ref_gl.dll
C:\Users\sharg_000\gameMod\Quake-2\ref_gl\release\cl.command.1.tlog
C:\Users\sharg_000\gameMod\Quake-2\ref_gl\release\CL.read.1.tlog
C:\Users\sharg_000\gameMod\Quake-2\ref_gl\release\CL.write.1.tlog
C:\USERS\SHARG_000\GAMEMOD\QUAKE-2\REF_GL\RELEASE\GL_DRAW.OBJ
C:\USERS\SHARG_000\GAMEMOD\QUAKE-2\REF_GL\RELEASE\GL_IMAGE.OBJ
C:\USERS\SHARG_000\GAMEMOD\QUAKE-2\REF_GL\RELEASE\GL_LIGHT.OBJ
C:\USERS\SHARG_000\GAMEMOD\QUAKE-2\REF_GL\RELEASE\GL_MESH.OBJ
C:\USERS\SHARG_000\GAMEMOD\QUAKE-2\REF_GL\RELEASE\GL_MODEL.OBJ
C:\USERS\SHARG_000\GAMEMOD\QUAKE-2\REF_GL\RELEASE\GL_RMAIN.OBJ
C:\USERS\SHARG_000\GAMEMOD\QUAKE-2\REF_GL\RELEASE\GL_RMISC.OBJ
C:\USERS\SHARG_000\GAMEMOD\QUAKE-2\REF_GL\RELEASE\GL_RSURF.OBJ
C:\USERS\SHARG_000\GAMEMOD\QUAKE-2\REF_GL\RELEASE\GL_WARP.OBJ
C:\USERS\SHARG_000\GAMEMOD\QUAKE-2\REF_GL\RELEASE\GLW_IMP.OBJ
C:\Users\sharg_000\gameMod\Quake-2\ref_gl\release\link.command.1.tlog
C:\Users\sharg_000\gameMod\Quake-2\ref_gl\release\link.read.1.tlog
C:\Users\sharg_000\gameMod\Quake-2\ref_gl\release\link.write.1.tlog
C:\Users\sharg_000\gameMod\Quake-2\ref_gl\release\mt.command.1.tlog
C:\Users\sharg_000\gameMod\Quake-2\ref_gl\release\mt.read.1.tlog
C:\Users\sharg_000\gameMod\Quake-2\ref_gl\release\mt.write.1.tlog
C:\USERS\SHARG_000\GAMEMOD\QUAKE-2\REF_GL\RELEASE\Q_SHARED.OBJ
C:\USERS\SHARG_000\GAMEMOD\QUAKE-2\REF_GL\RELEASE\Q_SHWIN.OBJ
C:\USERS\SHARG_000\GAMEMOD\QUAKE-2\REF_GL\RELEASE\QGL_WIN.OBJ
C:\USERS\SHARG_000\GAMEMOD\QUAKE-2\REF_GL\RELEASE\REF_GL.DLL.INTERMEDIATE.MANIFEST
C:\Users\sharg_000\gameMod\Quake-2\ref_gl\release\ref_gl.write.1.tlog
C:\USERS\SHARG_000\GAMEMOD\QUAKE-2\REF_GL\RELEASE\VC100.PDB
C:\USERS\SHARG_000\GAMEMOD\QUAKE-2\RELEASE\REF_GL.DLL
C:\Users\sharg_000\gameMod\Quake-2\release\ref_gl.exp
C:\Users\sharg_000\gameMod\Quake-2\release\ref_gl.lib
