C:\USERS\SHARG_000\GAMEMOD\QUAKE-2\DEBUG\REF_GL.BSC
C:\USERS\SHARG_000\GAMEMOD\QUAKE-2\DEBUG\REF_GL.DLL
C:\Users\sharg_000\gameMod\Quake-2\debug\ref_gl.exp
C:\Users\sharg_000\gameMod\Quake-2\debug\ref_gl.lib
C:\USERS\SHARG_000\GAMEMOD\QUAKE-2\DEBUG\REF_GL.PDB
C:\Users\sharg_000\gameMod\Quake-2\ref_gl\.\..\debug\ref_gl.dll
C:\Users\sharg_000\gameMod\Quake-2\ref_gl\debug\BscMake.command.1.tlog
C:\Users\sharg_000\gameMod\Quake-2\ref_gl\debug\bscmake.read.1.tlog
C:\Users\sharg_000\gameMod\Quake-2\ref_gl\debug\bscmake.write.1.tlog
C:\Users\sharg_000\gameMod\Quake-2\ref_gl\debug\cl.command.1.tlog
C:\Users\sharg_000\gameMod\Quake-2\ref_gl\debug\CL.read.1.tlog
C:\Users\sharg_000\gameMod\Quake-2\ref_gl\debug\CL.write.1.tlog
C:\USERS\SHARG_000\GAMEMOD\QUAKE-2\REF_GL\DEBUG\GL_DRAW.OBJ
C:\USERS\SHARG_000\GAMEMOD\QUAKE-2\REF_GL\DEBUG\GL_DRAW.SBR
C:\USERS\SHARG_000\GAMEMOD\QUAKE-2\REF_GL\DEBUG\GL_IMAGE.OBJ
C:\USERS\SHARG_000\GAMEMOD\QUAKE-2\REF_GL\DEBUG\GL_IMAGE.SBR
C:\USERS\SHARG_000\GAMEMOD\QUAKE-2\REF_GL\DEBUG\GL_LIGHT.OBJ
C:\USERS\SHARG_000\GAMEMOD\QUAKE-2\REF_GL\DEBUG\GL_LIGHT.SBR
C:\USERS\SHARG_000\GAMEMOD\QUAKE-2\REF_GL\DEBUG\GL_MESH.OBJ
C:\USERS\SHARG_000\GAMEMOD\QUAKE-2\REF_GL\DEBUG\GL_MESH.SBR
C:\USERS\SHARG_000\GAMEMOD\QUAKE-2\REF_GL\DEBUG\GL_MODEL.OBJ
C:\USERS\SHARG_000\GAMEMOD\QUAKE-2\REF_GL\DEBUG\GL_MODEL.SBR
C:\USERS\SHARG_000\GAMEMOD\QUAKE-2\REF_GL\DEBUG\GL_RMAIN.OBJ
C:\USERS\SHARG_000\GAMEMOD\QUAKE-2\REF_GL\DEBUG\GL_RMAIN.SBR
C:\USERS\SHARG_000\GAMEMOD\QUAKE-2\REF_GL\DEBUG\GL_RMISC.OBJ
C:\USERS\SHARG_000\GAMEMOD\QUAKE-2\REF_GL\DEBUG\GL_RMISC.SBR
C:\USERS\SHARG_000\GAMEMOD\QUAKE-2\REF_GL\DEBUG\GL_RSURF.OBJ
C:\USERS\SHARG_000\GAMEMOD\QUAKE-2\REF_GL\DEBUG\GL_RSURF.SBR
C:\USERS\SHARG_000\GAMEMOD\QUAKE-2\REF_GL\DEBUG\GL_WARP.OBJ
C:\USERS\SHARG_000\GAMEMOD\QUAKE-2\REF_GL\DEBUG\GL_WARP.SBR
C:\USERS\SHARG_000\GAMEMOD\QUAKE-2\REF_GL\DEBUG\GLW_IMP.OBJ
C:\USERS\SHARG_000\GAMEMOD\QUAKE-2\REF_GL\DEBUG\GLW_IMP.SBR
C:\Users\sharg_000\gameMod\Quake-2\ref_gl\debug\link.command.1.tlog
C:\Users\sharg_000\gameMod\Quake-2\ref_gl\debug\link.read.1.tlog
C:\Users\sharg_000\gameMod\Quake-2\ref_gl\debug\link.write.1.tlog
C:\Users\sharg_000\gameMod\Quake-2\ref_gl\debug\mt.command.1.tlog
C:\Users\sharg_000\gameMod\Quake-2\ref_gl\debug\mt.read.1.tlog
C:\Users\sharg_000\gameMod\Quake-2\ref_gl\debug\mt.write.1.tlog
C:\USERS\SHARG_000\GAMEMOD\QUAKE-2\REF_GL\DEBUG\Q_SHARED.OBJ
C:\USERS\SHARG_000\GAMEMOD\QUAKE-2\REF_GL\DEBUG\Q_SHARED.SBR
C:\USERS\SHARG_000\GAMEMOD\QUAKE-2\REF_GL\DEBUG\Q_SHWIN.OBJ
C:\USERS\SHARG_000\GAMEMOD\QUAKE-2\REF_GL\DEBUG\Q_SHWIN.SBR
C:\USERS\SHARG_000\GAMEMOD\QUAKE-2\REF_GL\DEBUG\QGL_WIN.OBJ
C:\USERS\SHARG_000\GAMEMOD\QUAKE-2\REF_GL\DEBUG\QGL_WIN.SBR
C:\USERS\SHARG_000\GAMEMOD\QUAKE-2\REF_GL\DEBUG\REF_GL.DLL.INTERMEDIATE.MANIFEST
C:\Users\sharg_000\gameMod\Quake-2\ref_gl\debug\ref_gl.vcxprojResolveAssemblyReference.cache
C:\Users\sharg_000\gameMod\Quake-2\ref_gl\debug\ref_gl.write.1.tlog
C:\Users\sharg_000\gameMod\Quake-2\ref_gl\debug\vc100.idb
C:\USERS\SHARG_000\GAMEMOD\QUAKE-2\REF_GL\DEBUG\VC100.PDB
