.\debug\ctf.bsc
.\debug\ctf.pdb
C:\Users\sharg_000\gameMod\Quake-2\ctf\.\debug\ctf.dll.intermediate.manifest
C:\Users\sharg_000\gameMod\Quake-2\ctf\debug\BscMake.command.1.tlog
C:\Users\sharg_000\gameMod\Quake-2\ctf\debug\bscmake.read.1.tlog
C:\Users\sharg_000\gameMod\Quake-2\ctf\debug\bscmake.write.1.tlog
C:\Users\sharg_000\gameMod\Quake-2\ctf\debug\cl.command.1.tlog
C:\Users\sharg_000\gameMod\Quake-2\ctf\debug\CL.read.1.tlog
C:\Users\sharg_000\gameMod\Quake-2\ctf\debug\CL.write.1.tlog
C:\USERS\SHARG_000\GAMEMOD\QUAKE-2\CTF\DEBUG\CTF.BSC
C:\USERS\SHARG_000\GAMEMOD\QUAKE-2\CTF\DEBUG\CTF.DLL.INTERMEDIATE.MANIFEST
C:\USERS\SHARG_000\GAMEMOD\QUAKE-2\CTF\DEBUG\CTF.PDB
C:\Users\sharg_000\gameMod\Quake-2\ctf\debug\ctf.vcxprojResolveAssemblyReference.cache
C:\Users\sharg_000\gameMod\Quake-2\ctf\debug\ctf.write.1.tlog
C:\USERS\SHARG_000\GAMEMOD\QUAKE-2\CTF\DEBUG\G_AI.OBJ
C:\USERS\SHARG_000\GAMEMOD\QUAKE-2\CTF\DEBUG\G_AI.SBR
C:\USERS\SHARG_000\GAMEMOD\QUAKE-2\CTF\DEBUG\G_CHASE.OBJ
C:\USERS\SHARG_000\GAMEMOD\QUAKE-2\CTF\DEBUG\G_CHASE.SBR
C:\USERS\SHARG_000\GAMEMOD\QUAKE-2\CTF\DEBUG\G_CMDS.OBJ
C:\USERS\SHARG_000\GAMEMOD\QUAKE-2\CTF\DEBUG\G_CMDS.SBR
C:\USERS\SHARG_000\GAMEMOD\QUAKE-2\CTF\DEBUG\G_COMBAT.OBJ
C:\USERS\SHARG_000\GAMEMOD\QUAKE-2\CTF\DEBUG\G_COMBAT.SBR
C:\USERS\SHARG_000\GAMEMOD\QUAKE-2\CTF\DEBUG\G_CTF.OBJ
C:\USERS\SHARG_000\GAMEMOD\QUAKE-2\CTF\DEBUG\G_CTF.SBR
C:\USERS\SHARG_000\GAMEMOD\QUAKE-2\CTF\DEBUG\G_FUNC.OBJ
C:\USERS\SHARG_000\GAMEMOD\QUAKE-2\CTF\DEBUG\G_FUNC.SBR
C:\USERS\SHARG_000\GAMEMOD\QUAKE-2\CTF\DEBUG\G_ITEMS.OBJ
C:\USERS\SHARG_000\GAMEMOD\QUAKE-2\CTF\DEBUG\G_ITEMS.SBR
C:\USERS\SHARG_000\GAMEMOD\QUAKE-2\CTF\DEBUG\G_MAIN.OBJ
C:\USERS\SHARG_000\GAMEMOD\QUAKE-2\CTF\DEBUG\G_MAIN.SBR
C:\USERS\SHARG_000\GAMEMOD\QUAKE-2\CTF\DEBUG\G_MISC.OBJ
C:\USERS\SHARG_000\GAMEMOD\QUAKE-2\CTF\DEBUG\G_MISC.SBR
C:\USERS\SHARG_000\GAMEMOD\QUAKE-2\CTF\DEBUG\G_MONSTER.OBJ
C:\USERS\SHARG_000\GAMEMOD\QUAKE-2\CTF\DEBUG\G_MONSTER.SBR
C:\USERS\SHARG_000\GAMEMOD\QUAKE-2\CTF\DEBUG\G_PHYS.OBJ
C:\USERS\SHARG_000\GAMEMOD\QUAKE-2\CTF\DEBUG\G_PHYS.SBR
C:\USERS\SHARG_000\GAMEMOD\QUAKE-2\CTF\DEBUG\G_SAVE.OBJ
C:\USERS\SHARG_000\GAMEMOD\QUAKE-2\CTF\DEBUG\G_SAVE.SBR
C:\USERS\SHARG_000\GAMEMOD\QUAKE-2\CTF\DEBUG\G_SPAWN.OBJ
C:\USERS\SHARG_000\GAMEMOD\QUAKE-2\CTF\DEBUG\G_SPAWN.SBR
C:\USERS\SHARG_000\GAMEMOD\QUAKE-2\CTF\DEBUG\G_SVCMDS.OBJ
C:\USERS\SHARG_000\GAMEMOD\QUAKE-2\CTF\DEBUG\G_SVCMDS.SBR
C:\USERS\SHARG_000\GAMEMOD\QUAKE-2\CTF\DEBUG\G_TARGET.OBJ
C:\USERS\SHARG_000\GAMEMOD\QUAKE-2\CTF\DEBUG\G_TARGET.SBR
C:\USERS\SHARG_000\GAMEMOD\QUAKE-2\CTF\DEBUG\G_TRIGGER.OBJ
C:\USERS\SHARG_000\GAMEMOD\QUAKE-2\CTF\DEBUG\G_TRIGGER.SBR
C:\USERS\SHARG_000\GAMEMOD\QUAKE-2\CTF\DEBUG\G_UTILS.OBJ
C:\USERS\SHARG_000\GAMEMOD\QUAKE-2\CTF\DEBUG\G_UTILS.SBR
C:\USERS\SHARG_000\GAMEMOD\QUAKE-2\CTF\DEBUG\G_WEAPON.OBJ
C:\USERS\SHARG_000\GAMEMOD\QUAKE-2\CTF\DEBUG\G_WEAPON.SBR
C:\USERS\SHARG_000\GAMEMOD\QUAKE-2\CTF\DEBUG\GAMEX86.DLL
C:\Users\sharg_000\gameMod\Quake-2\ctf\debug\gamex86.exp
C:\Users\sharg_000\gameMod\Quake-2\ctf\debug\gamex86.lib
C:\Users\sharg_000\gameMod\Quake-2\ctf\debug\link.command.1.tlog
C:\Users\sharg_000\gameMod\Quake-2\ctf\debug\link.read.1.tlog
C:\Users\sharg_000\gameMod\Quake-2\ctf\debug\link.write.1.tlog
C:\USERS\SHARG_000\GAMEMOD\QUAKE-2\CTF\DEBUG\M_MOVE.OBJ
C:\USERS\SHARG_000\GAMEMOD\QUAKE-2\CTF\DEBUG\M_MOVE.SBR
C:\Users\sharg_000\gameMod\Quake-2\ctf\debug\mt.command.1.tlog
C:\Users\sharg_000\gameMod\Quake-2\ctf\debug\mt.read.1.tlog
C:\Users\sharg_000\gameMod\Quake-2\ctf\debug\mt.write.1.tlog
C:\USERS\SHARG_000\GAMEMOD\QUAKE-2\CTF\DEBUG\P_CLIENT.OBJ
C:\USERS\SHARG_000\GAMEMOD\QUAKE-2\CTF\DEBUG\P_CLIENT.SBR
C:\USERS\SHARG_000\GAMEMOD\QUAKE-2\CTF\DEBUG\P_HUD.OBJ
C:\USERS\SHARG_000\GAMEMOD\QUAKE-2\CTF\DEBUG\P_HUD.SBR
C:\USERS\SHARG_000\GAMEMOD\QUAKE-2\CTF\DEBUG\P_MENU.OBJ
C:\USERS\SHARG_000\GAMEMOD\QUAKE-2\CTF\DEBUG\P_MENU.SBR
C:\USERS\SHARG_000\GAMEMOD\QUAKE-2\CTF\DEBUG\P_TRAIL.OBJ
C:\USERS\SHARG_000\GAMEMOD\QUAKE-2\CTF\DEBUG\P_TRAIL.SBR
C:\USERS\SHARG_000\GAMEMOD\QUAKE-2\CTF\DEBUG\P_VIEW.OBJ
C:\USERS\SHARG_000\GAMEMOD\QUAKE-2\CTF\DEBUG\P_VIEW.SBR
C:\USERS\SHARG_000\GAMEMOD\QUAKE-2\CTF\DEBUG\P_WEAPON.OBJ
C:\USERS\SHARG_000\GAMEMOD\QUAKE-2\CTF\DEBUG\P_WEAPON.SBR
C:\USERS\SHARG_000\GAMEMOD\QUAKE-2\CTF\DEBUG\Q_SHARED.OBJ
C:\USERS\SHARG_000\GAMEMOD\QUAKE-2\CTF\DEBUG\Q_SHARED.SBR
C:\Users\sharg_000\gameMod\Quake-2\ctf\debug\vc100.idb
C:\USERS\SHARG_000\GAMEMOD\QUAKE-2\CTF\DEBUG\VC100.PDB
