.\..\debug\game.bsc
.\..\debug\game.pdb
C:\USERS\SHARG_000\GAMEMOD\QUAKE-2\DEBUG\GAME.BSC
C:\USERS\SHARG_000\GAMEMOD\QUAKE-2\DEBUG\GAME.PDB
C:\USERS\SHARG_000\GAMEMOD\QUAKE-2\DEBUG\GAMEX86.DLL
C:\Users\sharg_000\gameMod\Quake-2\debug\gamex86.exp
C:\Users\sharg_000\gameMod\Quake-2\debug\gamex86.lib
C:\Users\sharg_000\gameMod\Quake-2\game\debug\BscMake.command.1.tlog
C:\Users\sharg_000\gameMod\Quake-2\game\debug\bscmake.read.1.tlog
C:\Users\sharg_000\gameMod\Quake-2\game\debug\bscmake.write.1.tlog
C:\Users\sharg_000\gameMod\Quake-2\game\debug\cl.command.1.tlog
C:\Users\sharg_000\gameMod\Quake-2\game\debug\CL.read.1.tlog
C:\Users\sharg_000\gameMod\Quake-2\game\debug\CL.write.1.tlog
C:\USERS\SHARG_000\GAMEMOD\QUAKE-2\GAME\DEBUG\G_AI.OBJ
C:\USERS\SHARG_000\GAMEMOD\QUAKE-2\GAME\DEBUG\G_AI.SBR
C:\USERS\SHARG_000\GAMEMOD\QUAKE-2\GAME\DEBUG\G_CHASE.OBJ
C:\USERS\SHARG_000\GAMEMOD\QUAKE-2\GAME\DEBUG\G_CHASE.SBR
C:\USERS\SHARG_000\GAMEMOD\QUAKE-2\GAME\DEBUG\G_CMDS.OBJ
C:\USERS\SHARG_000\GAMEMOD\QUAKE-2\GAME\DEBUG\G_CMDS.SBR
C:\USERS\SHARG_000\GAMEMOD\QUAKE-2\GAME\DEBUG\G_COMBAT.OBJ
C:\USERS\SHARG_000\GAMEMOD\QUAKE-2\GAME\DEBUG\G_COMBAT.SBR
C:\USERS\SHARG_000\GAMEMOD\QUAKE-2\GAME\DEBUG\G_FUNC.OBJ
C:\USERS\SHARG_000\GAMEMOD\QUAKE-2\GAME\DEBUG\G_FUNC.SBR
C:\USERS\SHARG_000\GAMEMOD\QUAKE-2\GAME\DEBUG\G_ITEMS.OBJ
C:\USERS\SHARG_000\GAMEMOD\QUAKE-2\GAME\DEBUG\G_ITEMS.SBR
C:\USERS\SHARG_000\GAMEMOD\QUAKE-2\GAME\DEBUG\G_MAIN.OBJ
C:\USERS\SHARG_000\GAMEMOD\QUAKE-2\GAME\DEBUG\G_MAIN.SBR
C:\USERS\SHARG_000\GAMEMOD\QUAKE-2\GAME\DEBUG\G_MISC.OBJ
C:\USERS\SHARG_000\GAMEMOD\QUAKE-2\GAME\DEBUG\G_MISC.SBR
C:\USERS\SHARG_000\GAMEMOD\QUAKE-2\GAME\DEBUG\G_MONSTER.OBJ
C:\USERS\SHARG_000\GAMEMOD\QUAKE-2\GAME\DEBUG\G_MONSTER.SBR
C:\USERS\SHARG_000\GAMEMOD\QUAKE-2\GAME\DEBUG\G_PHYS.OBJ
C:\USERS\SHARG_000\GAMEMOD\QUAKE-2\GAME\DEBUG\G_PHYS.SBR
C:\USERS\SHARG_000\GAMEMOD\QUAKE-2\GAME\DEBUG\G_SAVE.OBJ
C:\USERS\SHARG_000\GAMEMOD\QUAKE-2\GAME\DEBUG\G_SAVE.SBR
C:\USERS\SHARG_000\GAMEMOD\QUAKE-2\GAME\DEBUG\G_SPAWN.OBJ
C:\USERS\SHARG_000\GAMEMOD\QUAKE-2\GAME\DEBUG\G_SPAWN.SBR
C:\USERS\SHARG_000\GAMEMOD\QUAKE-2\GAME\DEBUG\G_SVCMDS.OBJ
C:\USERS\SHARG_000\GAMEMOD\QUAKE-2\GAME\DEBUG\G_SVCMDS.SBR
C:\USERS\SHARG_000\GAMEMOD\QUAKE-2\GAME\DEBUG\G_TARGET.OBJ
C:\USERS\SHARG_000\GAMEMOD\QUAKE-2\GAME\DEBUG\G_TARGET.SBR
C:\USERS\SHARG_000\GAMEMOD\QUAKE-2\GAME\DEBUG\G_TRIGGER.OBJ
C:\USERS\SHARG_000\GAMEMOD\QUAKE-2\GAME\DEBUG\G_TRIGGER.SBR
C:\USERS\SHARG_000\GAMEMOD\QUAKE-2\GAME\DEBUG\G_TURRET.OBJ
C:\USERS\SHARG_000\GAMEMOD\QUAKE-2\GAME\DEBUG\G_TURRET.SBR
C:\USERS\SHARG_000\GAMEMOD\QUAKE-2\GAME\DEBUG\G_UTILS.OBJ
C:\USERS\SHARG_000\GAMEMOD\QUAKE-2\GAME\DEBUG\G_UTILS.SBR
C:\USERS\SHARG_000\GAMEMOD\QUAKE-2\GAME\DEBUG\G_WEAPON.OBJ
C:\USERS\SHARG_000\GAMEMOD\QUAKE-2\GAME\DEBUG\G_WEAPON.SBR
C:\USERS\SHARG_000\GAMEMOD\QUAKE-2\GAME\DEBUG\GAME.DLL.INTERMEDIATE.MANIFEST
C:\Users\sharg_000\gameMod\Quake-2\game\debug\game.vcxprojResolveAssemblyReference.cache
C:\Users\sharg_000\gameMod\Quake-2\game\debug\game.write.1.tlog
C:\Users\sharg_000\gameMod\Quake-2\game\debug\link.command.1.tlog
C:\Users\sharg_000\gameMod\Quake-2\game\debug\link.read.1.tlog
C:\Users\sharg_000\gameMod\Quake-2\game\debug\link.write.1.tlog
C:\USERS\SHARG_000\GAMEMOD\QUAKE-2\GAME\DEBUG\M_ACTOR.OBJ
C:\USERS\SHARG_000\GAMEMOD\QUAKE-2\GAME\DEBUG\M_ACTOR.SBR
C:\USERS\SHARG_000\GAMEMOD\QUAKE-2\GAME\DEBUG\M_BERSERK.OBJ
C:\USERS\SHARG_000\GAMEMOD\QUAKE-2\GAME\DEBUG\M_BERSERK.SBR
C:\USERS\SHARG_000\GAMEMOD\QUAKE-2\GAME\DEBUG\M_BOSS2.OBJ
C:\USERS\SHARG_000\GAMEMOD\QUAKE-2\GAME\DEBUG\M_BOSS2.SBR
C:\USERS\SHARG_000\GAMEMOD\QUAKE-2\GAME\DEBUG\M_BOSS3.OBJ
C:\USERS\SHARG_000\GAMEMOD\QUAKE-2\GAME\DEBUG\M_BOSS3.SBR
C:\USERS\SHARG_000\GAMEMOD\QUAKE-2\GAME\DEBUG\M_BOSS31.OBJ
C:\USERS\SHARG_000\GAMEMOD\QUAKE-2\GAME\DEBUG\M_BOSS31.SBR
C:\USERS\SHARG_000\GAMEMOD\QUAKE-2\GAME\DEBUG\M_BOSS32.OBJ
C:\USERS\SHARG_000\GAMEMOD\QUAKE-2\GAME\DEBUG\M_BOSS32.SBR
C:\USERS\SHARG_000\GAMEMOD\QUAKE-2\GAME\DEBUG\M_BRAIN.OBJ
C:\USERS\SHARG_000\GAMEMOD\QUAKE-2\GAME\DEBUG\M_BRAIN.SBR
C:\USERS\SHARG_000\GAMEMOD\QUAKE-2\GAME\DEBUG\M_CHICK.OBJ
C:\USERS\SHARG_000\GAMEMOD\QUAKE-2\GAME\DEBUG\M_CHICK.SBR
C:\USERS\SHARG_000\GAMEMOD\QUAKE-2\GAME\DEBUG\M_FLASH.OBJ
C:\USERS\SHARG_000\GAMEMOD\QUAKE-2\GAME\DEBUG\M_FLASH.SBR
C:\USERS\SHARG_000\GAMEMOD\QUAKE-2\GAME\DEBUG\M_FLIPPER.OBJ
C:\USERS\SHARG_000\GAMEMOD\QUAKE-2\GAME\DEBUG\M_FLIPPER.SBR
C:\USERS\SHARG_000\GAMEMOD\QUAKE-2\GAME\DEBUG\M_FLOAT.OBJ
C:\USERS\SHARG_000\GAMEMOD\QUAKE-2\GAME\DEBUG\M_FLOAT.SBR
C:\USERS\SHARG_000\GAMEMOD\QUAKE-2\GAME\DEBUG\M_FLYER.OBJ
C:\USERS\SHARG_000\GAMEMOD\QUAKE-2\GAME\DEBUG\M_FLYER.SBR
C:\USERS\SHARG_000\GAMEMOD\QUAKE-2\GAME\DEBUG\M_GLADIATOR.OBJ
C:\USERS\SHARG_000\GAMEMOD\QUAKE-2\GAME\DEBUG\M_GLADIATOR.SBR
C:\USERS\SHARG_000\GAMEMOD\QUAKE-2\GAME\DEBUG\M_GUNNER.OBJ
C:\USERS\SHARG_000\GAMEMOD\QUAKE-2\GAME\DEBUG\M_GUNNER.SBR
C:\USERS\SHARG_000\GAMEMOD\QUAKE-2\GAME\DEBUG\M_HOVER.OBJ
C:\USERS\SHARG_000\GAMEMOD\QUAKE-2\GAME\DEBUG\M_HOVER.SBR
C:\USERS\SHARG_000\GAMEMOD\QUAKE-2\GAME\DEBUG\M_INFANTRY.OBJ
C:\USERS\SHARG_000\GAMEMOD\QUAKE-2\GAME\DEBUG\M_INFANTRY.SBR
C:\USERS\SHARG_000\GAMEMOD\QUAKE-2\GAME\DEBUG\M_INSANE.OBJ
C:\USERS\SHARG_000\GAMEMOD\QUAKE-2\GAME\DEBUG\M_INSANE.SBR
C:\USERS\SHARG_000\GAMEMOD\QUAKE-2\GAME\DEBUG\M_MEDIC.OBJ
C:\USERS\SHARG_000\GAMEMOD\QUAKE-2\GAME\DEBUG\M_MEDIC.SBR
C:\USERS\SHARG_000\GAMEMOD\QUAKE-2\GAME\DEBUG\M_MOVE.OBJ
C:\USERS\SHARG_000\GAMEMOD\QUAKE-2\GAME\DEBUG\M_MOVE.SBR
C:\USERS\SHARG_000\GAMEMOD\QUAKE-2\GAME\DEBUG\M_MUTANT.OBJ
C:\USERS\SHARG_000\GAMEMOD\QUAKE-2\GAME\DEBUG\M_MUTANT.SBR
C:\USERS\SHARG_000\GAMEMOD\QUAKE-2\GAME\DEBUG\M_PARASITE.OBJ
C:\USERS\SHARG_000\GAMEMOD\QUAKE-2\GAME\DEBUG\M_PARASITE.SBR
C:\USERS\SHARG_000\GAMEMOD\QUAKE-2\GAME\DEBUG\M_SOLDIER.OBJ
C:\USERS\SHARG_000\GAMEMOD\QUAKE-2\GAME\DEBUG\M_SOLDIER.SBR
C:\USERS\SHARG_000\GAMEMOD\QUAKE-2\GAME\DEBUG\M_SUPERTANK.OBJ
C:\USERS\SHARG_000\GAMEMOD\QUAKE-2\GAME\DEBUG\M_SUPERTANK.SBR
C:\USERS\SHARG_000\GAMEMOD\QUAKE-2\GAME\DEBUG\M_TANK.OBJ
C:\USERS\SHARG_000\GAMEMOD\QUAKE-2\GAME\DEBUG\M_TANK.SBR
C:\Users\sharg_000\gameMod\Quake-2\game\debug\mt.command.1.tlog
C:\Users\sharg_000\gameMod\Quake-2\game\debug\mt.read.1.tlog
C:\Users\sharg_000\gameMod\Quake-2\game\debug\mt.write.1.tlog
C:\USERS\SHARG_000\GAMEMOD\QUAKE-2\GAME\DEBUG\P_CLIENT.OBJ
C:\USERS\SHARG_000\GAMEMOD\QUAKE-2\GAME\DEBUG\P_CLIENT.SBR
C:\USERS\SHARG_000\GAMEMOD\QUAKE-2\GAME\DEBUG\P_HUD.OBJ
C:\USERS\SHARG_000\GAMEMOD\QUAKE-2\GAME\DEBUG\P_HUD.SBR
C:\USERS\SHARG_000\GAMEMOD\QUAKE-2\GAME\DEBUG\P_TRAIL.OBJ
C:\USERS\SHARG_000\GAMEMOD\QUAKE-2\GAME\DEBUG\P_TRAIL.SBR
C:\USERS\SHARG_000\GAMEMOD\QUAKE-2\GAME\DEBUG\P_VIEW.OBJ
C:\USERS\SHARG_000\GAMEMOD\QUAKE-2\GAME\DEBUG\P_VIEW.SBR
C:\USERS\SHARG_000\GAMEMOD\QUAKE-2\GAME\DEBUG\P_WEAPON.OBJ
C:\USERS\SHARG_000\GAMEMOD\QUAKE-2\GAME\DEBUG\P_WEAPON.SBR
C:\USERS\SHARG_000\GAMEMOD\QUAKE-2\GAME\DEBUG\Q_SHARED.OBJ
C:\USERS\SHARG_000\GAMEMOD\QUAKE-2\GAME\DEBUG\Q_SHARED.SBR
C:\Users\sharg_000\gameMod\Quake-2\game\debug\vc100.idb
C:\USERS\SHARG_000\GAMEMOD\QUAKE-2\GAME\DEBUG\VC100.PDB
