C:\Users\sharg_000\gameMod\Quake-2\ctf\.\release\ctf.dll.intermediate.manifest
C:\Users\sharg_000\gameMod\Quake-2\ctf\release\cl.command.1.tlog
C:\Users\sharg_000\gameMod\Quake-2\ctf\release\CL.read.1.tlog
C:\Users\sharg_000\gameMod\Quake-2\ctf\release\CL.write.1.tlog
C:\USERS\SHARG_000\GAMEMOD\QUAKE-2\CTF\RELEASE\CTF.DLL.INTERMEDIATE.MANIFEST
C:\Users\sharg_000\gameMod\Quake-2\ctf\release\ctf.write.1.tlog
C:\USERS\SHARG_000\GAMEMOD\QUAKE-2\CTF\RELEASE\G_AI.OBJ
C:\USERS\SHARG_000\GAMEMOD\QUAKE-2\CTF\RELEASE\G_CHASE.OBJ
C:\USERS\SHARG_000\GAMEMOD\QUAKE-2\CTF\RELEASE\G_CMDS.OBJ
C:\USERS\SHARG_000\GAMEMOD\QUAKE-2\CTF\RELEASE\G_COMBAT.OBJ
C:\USERS\SHARG_000\GAMEMOD\QUAKE-2\CTF\RELEASE\G_CTF.OBJ
C:\USERS\SHARG_000\GAMEMOD\QUAKE-2\CTF\RELEASE\G_FUNC.OBJ
C:\USERS\SHARG_000\GAMEMOD\QUAKE-2\CTF\RELEASE\G_ITEMS.OBJ
C:\USERS\SHARG_000\GAMEMOD\QUAKE-2\CTF\RELEASE\G_MAIN.OBJ
C:\USERS\SHARG_000\GAMEMOD\QUAKE-2\CTF\RELEASE\G_MISC.OBJ
C:\USERS\SHARG_000\GAMEMOD\QUAKE-2\CTF\RELEASE\G_MONSTER.OBJ
C:\USERS\SHARG_000\GAMEMOD\QUAKE-2\CTF\RELEASE\G_PHYS.OBJ
C:\USERS\SHARG_000\GAMEMOD\QUAKE-2\CTF\RELEASE\G_SAVE.OBJ
C:\USERS\SHARG_000\GAMEMOD\QUAKE-2\CTF\RELEASE\G_SPAWN.OBJ
C:\USERS\SHARG_000\GAMEMOD\QUAKE-2\CTF\RELEASE\G_SVCMDS.OBJ
C:\USERS\SHARG_000\GAMEMOD\QUAKE-2\CTF\RELEASE\G_TARGET.OBJ
C:\USERS\SHARG_000\GAMEMOD\QUAKE-2\CTF\RELEASE\G_TRIGGER.OBJ
C:\USERS\SHARG_000\GAMEMOD\QUAKE-2\CTF\RELEASE\G_UTILS.OBJ
C:\USERS\SHARG_000\GAMEMOD\QUAKE-2\CTF\RELEASE\G_WEAPON.OBJ
C:\USERS\SHARG_000\GAMEMOD\QUAKE-2\CTF\RELEASE\GAMEX86.DLL
C:\Users\sharg_000\gameMod\Quake-2\ctf\release\gamex86.exp
C:\Users\sharg_000\gameMod\Quake-2\ctf\release\gamex86.lib
C:\Users\sharg_000\gameMod\Quake-2\ctf\release\link.command.1.tlog
C:\Users\sharg_000\gameMod\Quake-2\ctf\release\link.read.1.tlog
C:\Users\sharg_000\gameMod\Quake-2\ctf\release\link.write.1.tlog
C:\USERS\SHARG_000\GAMEMOD\QUAKE-2\CTF\RELEASE\M_MOVE.OBJ
C:\Users\sharg_000\gameMod\Quake-2\ctf\release\mt.command.1.tlog
C:\Users\sharg_000\gameMod\Quake-2\ctf\release\mt.read.1.tlog
C:\Users\sharg_000\gameMod\Quake-2\ctf\release\mt.write.1.tlog
C:\USERS\SHARG_000\GAMEMOD\QUAKE-2\CTF\RELEASE\P_CLIENT.OBJ
C:\USERS\SHARG_000\GAMEMOD\QUAKE-2\CTF\RELEASE\P_HUD.OBJ
C:\USERS\SHARG_000\GAMEMOD\QUAKE-2\CTF\RELEASE\P_MENU.OBJ
C:\USERS\SHARG_000\GAMEMOD\QUAKE-2\CTF\RELEASE\P_TRAIL.OBJ
C:\USERS\SHARG_000\GAMEMOD\QUAKE-2\CTF\RELEASE\P_VIEW.OBJ
C:\USERS\SHARG_000\GAMEMOD\QUAKE-2\CTF\RELEASE\P_WEAPON.OBJ
C:\USERS\SHARG_000\GAMEMOD\QUAKE-2\CTF\RELEASE\Q_SHARED.OBJ
C:\USERS\SHARG_000\GAMEMOD\QUAKE-2\CTF\RELEASE\VC100.PDB
